<?xml version="1.0" encoding="UTF-8"?>
<!-- Generated by org.testng.reporters.JUnitXMLReporter -->
<testsuite ignored="4" hostname="LAPTOP-UDLNG9US" failures="0" tests="103" name="test-firefox" time="7.376" errors="0" timestamp="2025-04-21T16:40:13 IST">
  <testcase classname="com.vtiger.crm.createorg.CreateOrg" name="createOrgName" time="0.001">
    <skipped/>
  </testcase> <!-- createOrgName -->
  <testcase classname="com.vtiger.crm.createorg.CreateOrg" name="createOrgWithCont" time="0.0">
    <skipped/>
  </testcase> <!-- createOrgWithCont -->
  <testcase classname="com.vtiger.crm.createorg.CreateOrg" name="createOrgWithInd" time="0.001">
    <skipped/>
  </testcase> <!-- createOrgWithInd -->
  <testcase classname="com.vtiger.crm.createorg.CreateContact" name="createContact" time="0.0">
    <skipped/>
  </testcase> <!-- createContact -->
  <testcase classname="com.vtiger.crm.createorg.PracticeDataProvider" name="createOrg" time="0.0">
    <skipped/>
  </testcase> <!-- createOrg -->
  <testcase classname="com.vtiger.crm.createorg.PracticeDataProvider" name="createOrg" time="0.0">
    <skipped/>
  </testcase> <!-- createOrg -->
  <testcase classname="com.vtiger.crm.createorg.PracticeDataProvider" name="createOrg" time="0.0">
    <skipped/>
  </testcase> <!-- createOrg -->
  <testcase classname="com.vtiger.crm.createorg.PracticeDataProvider" name="createOrg" time="0.0">
    <skipped/>
  </testcase> <!-- createOrg -->
  <testcase classname="com.vtiger.crm.createorg.PracticeDataProvider" name="createOrg" time="0.0">
    <skipped/>
  </testcase> <!-- createOrg -->
  <testcase classname="com.vtiger.crm.createorg.PracticeDataProvider" name="createOrg" time="0.0">
    <skipped/>
  </testcase> <!-- createOrg -->
  <testcase classname="com.vtiger.crm.createorg.PracticeDataProvider" name="createOrg" time="0.0">
    <skipped/>
  </testcase> <!-- createOrg -->
  <testcase classname="com.vtiger.crm.createorg.PracticeDataProvider" name="createOrg" time="0.0">
    <skipped/>
  </testcase> <!-- createOrg -->
  <testcase classname="com.vtiger.crm.createorg.PracticeDataProvider" name="createOrg" time="0.0">
    <skipped/>
  </testcase> <!-- createOrg -->
  <testcase classname="com.vtiger.crm.createorg.PracticeDataProvider" name="createOrg" time="0.0">
    <skipped/>
  </testcase> <!-- createOrg -->
  <testcase classname="com.vtiger.crm.createorg.PracticeDataProvider" name="createOrg" time="0.0">
    <skipped/>
  </testcase> <!-- createOrg -->
  <testcase classname="com.vtiger.crm.createorg.PracticeDataProvider" name="createOrg" time="0.0">
    <skipped/>
  </testcase> <!-- createOrg -->
  <testcase classname="com.vtiger.crm.createorg.PracticeDataProvider" name="createOrg" time="0.0">
    <skipped/>
  </testcase> <!-- createOrg -->
  <testcase classname="com.vtiger.crm.createorg.PracticeDataProvider" name="createOrg" time="0.0">
    <skipped/>
  </testcase> <!-- createOrg -->
  <testcase classname="com.vtiger.crm.createorg.PracticeDataProvider" name="createOrg" time="0.0">
    <skipped/>
  </testcase> <!-- createOrg -->
  <testcase classname="com.vtiger.crm.createorg.PracticeDataProvider" name="createOrg" time="0.001">
    <skipped/>
  </testcase> <!-- createOrg -->
  <testcase classname="com.vtiger.crm.createorg.PracticeDataProvider" name="createOrg" time="0.0">
    <skipped/>
  </testcase> <!-- createOrg -->
  <testcase classname="com.vtiger.crm.createorg.PracticeDataProvider" name="createOrg" time="0.0">
    <skipped/>
  </testcase> <!-- createOrg -->
  <testcase classname="com.vtiger.crm.createorg.PracticeDataProvider" name="createOrg" time="0.0">
    <skipped/>
  </testcase> <!-- createOrg -->
  <testcase classname="com.vtiger.crm.createorg.PracticeDataProvider" name="createOrg" time="0.0">
    <skipped/>
  </testcase> <!-- createOrg -->
  <testcase classname="com.vtiger.crm.createorg.PracticeDataProvider" name="createOrg" time="0.0">
    <skipped/>
  </testcase> <!-- createOrg -->
  <testcase classname="com.vtiger.crm.createorg.PracticeDataProvider" name="createOrg" time="0.0">
    <skipped/>
  </testcase> <!-- createOrg -->
  <testcase classname="com.vtiger.crm.createorg.PracticeDataProvider" name="createOrg" time="0.001">
    <skipped/>
  </testcase> <!-- createOrg -->
  <testcase classname="com.vtiger.crm.createorg.PracticeDataProvider" name="createOrg" time="0.0">
    <skipped/>
  </testcase> <!-- createOrg -->
  <testcase classname="com.vtiger.crm.createorg.PracticeDataProvider" name="createOrg" time="0.0">
    <skipped/>
  </testcase> <!-- createOrg -->
  <testcase classname="com.vtiger.crm.createorg.PracticeDataProvider" name="createOrg" time="0.001">
    <skipped/>
  </testcase> <!-- createOrg -->
  <testcase classname="com.vtiger.crm.createorg.PracticeDataProvider" name="createOrg" time="0.0">
    <skipped/>
  </testcase> <!-- createOrg -->
  <testcase classname="com.vtiger.crm.createorg.PracticeDataProvider" name="createOrg" time="0.0">
    <skipped/>
  </testcase> <!-- createOrg -->
  <testcase classname="com.vtiger.crm.createorg.PracticeDataProvider" name="createOrg" time="0.0">
    <skipped/>
  </testcase> <!-- createOrg -->
  <testcase classname="com.vtiger.crm.createorg.PracticeDataProvider" name="createOrg" time="0.0">
    <skipped/>
  </testcase> <!-- createOrg -->
  <testcase classname="com.vtiger.crm.createorg.PracticeDataProvider" name="createOrg" time="0.0">
    <skipped/>
  </testcase> <!-- createOrg -->
  <testcase classname="com.vtiger.crm.createorg.PracticeDataProvider" name="createOrg" time="0.0">
    <skipped/>
  </testcase> <!-- createOrg -->
  <testcase classname="com.vtiger.crm.createorg.PracticeDataProvider" name="createOrg" time="0.0">
    <skipped/>
  </testcase> <!-- createOrg -->
  <testcase classname="com.vtiger.crm.createorg.PracticeDataProvider" name="createOrg" time="0.0">
    <skipped/>
  </testcase> <!-- createOrg -->
  <testcase classname="com.vtiger.crm.createorg.PracticeDataProvider" name="createOrg" time="0.0">
    <skipped/>
  </testcase> <!-- createOrg -->
  <testcase classname="com.vtiger.crm.createorg.PracticeDataProvider" name="createOrg" time="0.0">
    <skipped/>
  </testcase> <!-- createOrg -->
  <testcase classname="com.vtiger.crm.createorg.PracticeDataProvider" name="createOrg" time="0.0">
    <skipped/>
  </testcase> <!-- createOrg -->
  <testcase classname="com.vtiger.crm.createorg.PracticeDataProvider" name="createOrg" time="0.0">
    <skipped/>
  </testcase> <!-- createOrg -->
  <testcase classname="com.vtiger.crm.createorg.PracticeDataProvider" name="createOrg" time="0.0">
    <skipped/>
  </testcase> <!-- createOrg -->
  <testcase classname="com.vtiger.crm.createorg.PracticeDataProvider" name="createOrg" time="0.0">
    <skipped/>
  </testcase> <!-- createOrg -->
  <testcase classname="com.vtiger.crm.createorg.PracticeDataProvider" name="createOrg" time="0.0">
    <skipped/>
  </testcase> <!-- createOrg -->
  <testcase classname="com.vtiger.crm.createorg.PracticeDataProvider" name="createOrg" time="0.0">
    <skipped/>
  </testcase> <!-- createOrg -->
  <testcase classname="com.vtiger.crm.createorg.PracticeDataProvider" name="createOrg" time="0.0">
    <skipped/>
  </testcase> <!-- createOrg -->
  <testcase classname="com.vtiger.crm.createorg.PracticeDataProvider" name="createOrg" time="0.0">
    <skipped/>
  </testcase> <!-- createOrg -->
  <testcase classname="com.vtiger.crm.createorg.PracticeDataProvider" name="createOrg" time="0.0">
    <skipped/>
  </testcase> <!-- createOrg -->
  <testcase classname="com.vtiger.crm.createorg.PracticeDataProvider" name="createOrg" time="0.0">
    <skipped/>
  </testcase> <!-- createOrg -->
  <testcase classname="com.vtiger.crm.createorg.PracticeDataProvider" name="createOrg" time="0.0">
    <skipped/>
  </testcase> <!-- createOrg -->
  <testcase classname="com.vtiger.crm.createorg.PracticeDataProvider" name="createOrg" time="0.0">
    <skipped/>
  </testcase> <!-- createOrg -->
  <testcase classname="com.vtiger.crm.createorg.PracticeDataProvider" name="createOrg" time="0.0">
    <skipped/>
  </testcase> <!-- createOrg -->
  <testcase classname="com.vtiger.crm.createorg.PracticeDataProvider" name="createOrg" time="0.0">
    <skipped/>
  </testcase> <!-- createOrg -->
  <testcase classname="com.vtiger.crm.createorg.PracticeDataProvider" name="createOrg" time="0.0">
    <skipped/>
  </testcase> <!-- createOrg -->
  <testcase classname="com.vtiger.crm.createorg.PracticeDataProvider" name="createOrg" time="0.0">
    <skipped/>
  </testcase> <!-- createOrg -->
  <testcase classname="com.vtiger.crm.createorg.PracticeDataProvider" name="createOrg" time="0.0">
    <skipped/>
  </testcase> <!-- createOrg -->
  <testcase classname="com.vtiger.crm.createorg.PracticeDataProvider" name="createOrg" time="0.0">
    <skipped/>
  </testcase> <!-- createOrg -->
  <testcase classname="com.vtiger.crm.createorg.PracticeDataProvider" name="createOrg" time="0.0">
    <skipped/>
  </testcase> <!-- createOrg -->
  <testcase classname="com.vtiger.crm.createorg.PracticeDataProvider" name="createOrg" time="0.0">
    <skipped/>
  </testcase> <!-- createOrg -->
  <testcase classname="com.vtiger.crm.createorg.PracticeDataProvider" name="createOrg" time="0.0">
    <skipped/>
  </testcase> <!-- createOrg -->
  <testcase classname="com.vtiger.crm.createorg.PracticeDataProvider" name="createOrg" time="0.0">
    <skipped/>
  </testcase> <!-- createOrg -->
  <testcase classname="com.vtiger.crm.createorg.PracticeDataProvider" name="createOrg" time="0.0">
    <skipped/>
  </testcase> <!-- createOrg -->
  <testcase classname="com.vtiger.crm.createorg.PracticeDataProvider" name="createOrg" time="0.0">
    <skipped/>
  </testcase> <!-- createOrg -->
  <testcase classname="com.vtiger.crm.createorg.PracticeDataProvider" name="createOrg" time="0.0">
    <skipped/>
  </testcase> <!-- createOrg -->
  <testcase classname="com.vtiger.crm.createorg.PracticeDataProvider" name="createOrg" time="0.001">
    <skipped/>
  </testcase> <!-- createOrg -->
  <testcase classname="com.vtiger.crm.createorg.PracticeDataProvider" name="createOrg" time="0.019">
    <skipped/>
  </testcase> <!-- createOrg -->
  <testcase classname="com.vtiger.crm.createorg.PracticeDataProvider" name="createOrg" time="0.0">
    <skipped/>
  </testcase> <!-- createOrg -->
  <testcase classname="com.vtiger.crm.createorg.PracticeDataProvider" name="createOrg" time="0.0">
    <skipped/>
  </testcase> <!-- createOrg -->
  <testcase classname="com.vtiger.crm.createorg.PracticeDataProvider" name="createOrg" time="0.0">
    <skipped/>
  </testcase> <!-- createOrg -->
  <testcase classname="com.vtiger.crm.createorg.PracticeDataProvider" name="createOrg" time="0.0">
    <skipped/>
  </testcase> <!-- createOrg -->
  <testcase classname="com.vtiger.crm.createorg.PracticeDataProvider" name="createOrg" time="0.0">
    <skipped/>
  </testcase> <!-- createOrg -->
  <testcase classname="com.vtiger.crm.createorg.PracticeDataProvider" name="createOrg" time="0.0">
    <skipped/>
  </testcase> <!-- createOrg -->
  <testcase classname="com.vtiger.crm.createorg.PracticeDataProvider" name="createOrg" time="0.0">
    <skipped/>
  </testcase> <!-- createOrg -->
  <testcase classname="com.vtiger.crm.createorg.PracticeDataProvider" name="createOrg" time="0.0">
    <skipped/>
  </testcase> <!-- createOrg -->
  <testcase classname="com.vtiger.crm.createorg.PracticeDataProvider" name="createOrg" time="0.0">
    <skipped/>
  </testcase> <!-- createOrg -->
  <testcase classname="com.vtiger.crm.createorg.PracticeDataProvider" name="createOrg" time="0.0">
    <skipped/>
  </testcase> <!-- createOrg -->
  <testcase classname="com.vtiger.crm.createorg.PracticeDataProvider" name="createOrg" time="0.0">
    <skipped/>
  </testcase> <!-- createOrg -->
  <testcase classname="com.vtiger.crm.createorg.PracticeDataProvider" name="createOrg" time="0.0">
    <skipped/>
  </testcase> <!-- createOrg -->
  <testcase classname="com.vtiger.crm.createorg.PracticeDataProvider" name="createOrg" time="0.0">
    <skipped/>
  </testcase> <!-- createOrg -->
  <testcase classname="com.vtiger.crm.createorg.PracticeDataProvider" name="createOrg" time="0.0">
    <skipped/>
  </testcase> <!-- createOrg -->
  <testcase classname="com.vtiger.crm.createorg.PracticeDataProvider" name="createOrg" time="0.0">
    <skipped/>
  </testcase> <!-- createOrg -->
  <testcase classname="com.vtiger.crm.createorg.PracticeDataProvider" name="createOrg" time="0.0">
    <skipped/>
  </testcase> <!-- createOrg -->
  <testcase classname="com.vtiger.crm.createorg.PracticeDataProvider" name="createOrg" time="0.0">
    <skipped/>
  </testcase> <!-- createOrg -->
  <testcase classname="com.vtiger.crm.createorg.PracticeDataProvider" name="createOrg" time="0.0">
    <skipped/>
  </testcase> <!-- createOrg -->
  <testcase classname="com.vtiger.crm.createorg.PracticeDataProvider" name="createOrg" time="0.0">
    <skipped/>
  </testcase> <!-- createOrg -->
  <testcase classname="com.vtiger.crm.createorg.PracticeDataProvider" name="createOrg" time="0.0">
    <skipped/>
  </testcase> <!-- createOrg -->
  <testcase classname="com.vtiger.crm.createorg.PracticeDataProvider" name="createOrg" time="0.0">
    <skipped/>
  </testcase> <!-- createOrg -->
  <testcase classname="com.vtiger.crm.createorg.PracticeDataProvider" name="createOrg" time="0.0">
    <skipped/>
  </testcase> <!-- createOrg -->
  <testcase classname="com.vtiger.crm.createorg.PracticeDataProvider" name="createOrg" time="0.0">
    <skipped/>
  </testcase> <!-- createOrg -->
  <testcase classname="com.vtiger.crm.createorg.PracticeDataProvider" name="createOrg" time="0.0">
    <skipped/>
  </testcase> <!-- createOrg -->
  <testcase classname="com.vtiger.crm.createorg.PracticeDataProvider" name="createOrg" time="0.0">
    <skipped/>
  </testcase> <!-- createOrg -->
  <testcase classname="com.vtiger.crm.createorg.PracticeDataProvider" name="createOrg" time="0.0">
    <skipped/>
  </testcase> <!-- createOrg -->
  <testcase classname="com.vtiger.crm.createorg.PracticeDataProvider" name="createOrg" time="0.0">
    <skipped/>
  </testcase> <!-- createOrg -->
  <testcase classname="com.vtiger.crm.createorg.PracticeDataProvider" name="createOrg" time="0.0">
    <skipped/>
  </testcase> <!-- createOrg -->
  <testcase classname="com.vtiger.crm.createorg.PracticeDataProvider" name="createOrg" time="0.0">
    <skipped/>
  </testcase> <!-- createOrg -->
  <testcase classname="com.vtiger.crm.createorg.PracticeDataProvider" name="createOrg" time="0.001">
    <skipped/>
  </testcase> <!-- createOrg -->
  <testcase classname="com.vtiger.crm.createorg.PracticeDataProvider" name="createOrg" time="0.0">
    <skipped/>
  </testcase> <!-- createOrg -->
  <testcase classname="com.vtiger.crm.createorg.PracticeDataProvider" name="createOrg" time="0.0">
    <skipped/>
  </testcase> <!-- createOrg -->
  <testcase classname="com.vtiger.crm.createorg.PracticeDataProvider" name="createOrg" time="0.0">
    <skipped/>
  </testcase> <!-- createOrg -->
  <testcase classname="com.vtiger.crm.createorg.PracticeDataProvider" name="createOrg" time="0.0">
    <skipped/>
  </testcase> <!-- createOrg -->
  <testcase classname="com.vtiger.crm.createorg.PracticeDataProvider" name="createOrg" time="0.0">
    <skipped/>
  </testcase> <!-- createOrg -->
  <testcase classname="com.vtiger.crm.createorg.PracticeDataProvider" name="createOrg" time="0.0">
    <skipped/>
  </testcase> <!-- createOrg -->
  <testcase classname="com.vtiger.crm.generic.baseclassutility.BaseClass" name="@AfterSuite afterSuite" time="0.0">
    <ignored/>
  </testcase> <!-- @AfterSuite afterSuite -->
  <testcase classname="com.vtiger.crm.generic.baseclassutility.BaseClass" name="@AfterSuite afterSuite" time="0.0">
    <ignored/>
  </testcase> <!-- @AfterSuite afterSuite -->
  <testcase classname="com.vtiger.crm.generic.baseclassutility.BaseClass" name="@BeforeSuite beforeSuite" time="0.0">
    <ignored/>
  </testcase> <!-- @BeforeSuite beforeSuite -->
  <testcase classname="com.vtiger.crm.generic.baseclassutility.BaseClass" name="@BeforeSuite beforeSuite" time="0.0">
    <ignored/>
  </testcase> <!-- @BeforeSuite beforeSuite -->
</testsuite> <!-- test-firefox -->
