<?xml version="1.0" encoding="UTF-8"?>
<!-- Generated by org.testng.reporters.JUnitXMLReporter -->
<testsuite ignored="2" hostname="LAPTOP-UDLNG9US" failures="0" tests="4" name="Test-Edge" time="39.338" errors="0" timestamp="2025-04-21T18:15:40 IST">
  <testcase classname="com.vtiger.crm.createorg.CreateOrg" name="createOrgName" time="4.029"/>
  <testcase classname="com.vtiger.crm.createorg.CreateOrg" name="createOrgWithCont" time="0.0">
    <skipped/>
  </testcase> <!-- createOrgWithCont -->
  <testcase classname="com.vtiger.crm.createorg.CreateOrg" name="createOrgWithInd" time="0.0">
    <skipped/>
  </testcase> <!-- createOrgWithInd -->
  <testcase classname="com.vtiger.crm.createorg.CreateContact" name="createContact" time="6.601"/>
  <testcase classname="com.vtiger.crm.generic.baseclassutility.BaseClass" name="@AfterSuite afterSuite" time="0.0">
    <ignored/>
  </testcase> <!-- @AfterSuite afterSuite -->
  <testcase classname="com.vtiger.crm.generic.baseclassutility.BaseClass" name="@BeforeSuite beforeSuite" time="0.0">
    <ignored/>
  </testcase> <!-- @BeforeSuite beforeSuite -->
</testsuite> <!-- Test-Edge -->
