<?xml version="1.0" encoding="UTF-8"?>
<!-- Generated by org.testng.reporters.JUnitReportReporter -->
<testsuite hostname="LAPTOP-UDLNG9US" failures="0" tests="1" name="com.vtiger.crm.createorg.Amazon" time="11.089" errors="0" timestamp="2025-05-26T16:39:53 IST" skipped="0">
  <testcase classname="com.vtiger.crm.createorg.Amazon" name="amazon" time="11.089"/>
</testsuite> <!-- com.vtiger.crm.createorg.Amazon -->
