<?xml version="1.0" encoding="UTF-8"?>
<!-- Generated by org.testng.reporters.JUnitReportReporter -->
<testsuite hostname="LAPTOP-UDLNG9US" failures="0" tests="202" name="com.vtiger.crm.createorg.PracticeDataProvider" time="0.061" errors="4" timestamp="2025-04-21T16:40:13 IST" skipped="198">
  <testcase classname="com.vtiger.crm.createorg.PracticeDataProvider" name="createOrg" time="0.000">
    <skipped/>
  </testcase> <!-- createOrg -->
  <testcase classname="com.vtiger.crm.createorg.PracticeDataProvider" name="createOrg" time="0.000">
    <skipped/>
  </testcase> <!-- createOrg -->
  <testcase classname="com.vtiger.crm.createorg.PracticeDataProvider" name="createOrg" time="0.000">
    <skipped/>
  </testcase> <!-- createOrg -->
  <testcase classname="com.vtiger.crm.createorg.PracticeDataProvider" name="createOrg" time="0.000">
    <skipped/>
  </testcase> <!-- createOrg -->
  <testcase classname="com.vtiger.crm.createorg.PracticeDataProvider" name="createOrg" time="0.000">
    <skipped/>
  </testcase> <!-- createOrg -->
  <testcase classname="com.vtiger.crm.createorg.PracticeDataProvider" name="createOrg" time="0.000">
    <skipped/>
  </testcase> <!-- createOrg -->
  <testcase classname="com.vtiger.crm.createorg.PracticeDataProvider" name="createOrg" time="0.000">
    <skipped/>
  </testcase> <!-- createOrg -->
  <testcase classname="com.vtiger.crm.createorg.PracticeDataProvider" name="createOrg" time="0.000">
    <skipped/>
  </testcase> <!-- createOrg -->
  <testcase classname="com.vtiger.crm.createorg.PracticeDataProvider" name="createOrg" time="0.000">
    <skipped/>
  </testcase> <!-- createOrg -->
  <testcase classname="com.vtiger.crm.createorg.PracticeDataProvider" name="createOrg" time="0.000">
    <skipped/>
  </testcase> <!-- createOrg -->
  <testcase classname="com.vtiger.crm.createorg.PracticeDataProvider" name="createOrg" time="0.000">
    <skipped/>
  </testcase> <!-- createOrg -->
  <testcase classname="com.vtiger.crm.createorg.PracticeDataProvider" name="createOrg" time="0.000">
    <skipped/>
  </testcase> <!-- createOrg -->
  <testcase classname="com.vtiger.crm.createorg.PracticeDataProvider" name="createOrg" time="0.000">
    <skipped/>
  </testcase> <!-- createOrg -->
  <testcase classname="com.vtiger.crm.createorg.PracticeDataProvider" name="createOrg" time="0.000">
    <skipped/>
  </testcase> <!-- createOrg -->
  <testcase classname="com.vtiger.crm.createorg.PracticeDataProvider" name="createOrg" time="0.000">
    <skipped/>
  </testcase> <!-- createOrg -->
  <testcase classname="com.vtiger.crm.createorg.PracticeDataProvider" name="createOrg" time="0.000">
    <skipped/>
  </testcase> <!-- createOrg -->
  <testcase classname="com.vtiger.crm.createorg.PracticeDataProvider" name="createOrg" time="0.000">
    <skipped/>
  </testcase> <!-- createOrg -->
  <testcase classname="com.vtiger.crm.createorg.PracticeDataProvider" name="createOrg" time="0.000">
    <skipped/>
  </testcase> <!-- createOrg -->
  <testcase classname="com.vtiger.crm.createorg.PracticeDataProvider" name="createOrg" time="0.000">
    <skipped/>
  </testcase> <!-- createOrg -->
  <testcase classname="com.vtiger.crm.createorg.PracticeDataProvider" name="createOrg" time="0.000">
    <skipped/>
  </testcase> <!-- createOrg -->
  <testcase classname="com.vtiger.crm.createorg.PracticeDataProvider" name="createOrg" time="0.000">
    <skipped/>
  </testcase> <!-- createOrg -->
  <testcase classname="com.vtiger.crm.createorg.PracticeDataProvider" name="createOrg" time="0.000">
    <skipped/>
  </testcase> <!-- createOrg -->
  <testcase classname="com.vtiger.crm.createorg.PracticeDataProvider" name="createOrg" time="0.000">
    <skipped/>
  </testcase> <!-- createOrg -->
  <testcase classname="com.vtiger.crm.createorg.PracticeDataProvider" name="createOrg" time="0.000">
    <skipped/>
  </testcase> <!-- createOrg -->
  <testcase classname="com.vtiger.crm.createorg.PracticeDataProvider" name="createOrg" time="0.000">
    <skipped/>
  </testcase> <!-- createOrg -->
  <testcase classname="com.vtiger.crm.createorg.PracticeDataProvider" name="createOrg" time="0.000">
    <skipped/>
  </testcase> <!-- createOrg -->
  <testcase classname="com.vtiger.crm.createorg.PracticeDataProvider" name="createOrg" time="0.000">
    <skipped/>
  </testcase> <!-- createOrg -->
  <testcase classname="com.vtiger.crm.createorg.PracticeDataProvider" name="createOrg" time="0.000">
    <skipped/>
  </testcase> <!-- createOrg -->
  <testcase classname="com.vtiger.crm.createorg.PracticeDataProvider" name="createOrg" time="0.000">
    <skipped/>
  </testcase> <!-- createOrg -->
  <testcase classname="com.vtiger.crm.createorg.PracticeDataProvider" name="createOrg" time="0.000">
    <skipped/>
  </testcase> <!-- createOrg -->
  <testcase classname="com.vtiger.crm.createorg.PracticeDataProvider" name="createOrg" time="0.000">
    <skipped/>
  </testcase> <!-- createOrg -->
  <testcase classname="com.vtiger.crm.createorg.PracticeDataProvider" name="createOrg" time="0.000">
    <skipped/>
  </testcase> <!-- createOrg -->
  <testcase classname="com.vtiger.crm.createorg.PracticeDataProvider" name="createOrg" time="0.000">
    <skipped/>
  </testcase> <!-- createOrg -->
  <testcase classname="com.vtiger.crm.createorg.PracticeDataProvider" name="afterClass" time="0.001">
    <error message="Cannot invoke &quot;org.openqa.selenium.WebDriver.quit()&quot; because &quot;this.driver&quot; is null" type="java.lang.NullPointerException">
      <![CDATA[java.lang.NullPointerException: Cannot invoke "org.openqa.selenium.WebDriver.quit()" because "this.driver" is null
at com.vtiger.crm.generic.baseclassutility.BaseClass.afterClass(BaseClass.java:75)
at java.base/jdk.internal.reflect.DirectMethodHandleAccessor.invoke(DirectMethodHandleAccessor.java:103)
at java.base/java.lang.reflect.Method.invoke(Method.java:580)
at org.testng.internal.invokers.MethodInvocationHelper.invokeMethod(MethodInvocationHelper.java:141)
at org.testng.internal.invokers.MethodInvocationHelper.invokeMethodConsideringTimeout(MethodInvocationHelper.java:71)
at org.testng.internal.invokers.ConfigInvoker.invokeConfigurationMethod(ConfigInvoker.java:400)
at org.testng.internal.invokers.ConfigInvoker.invokeConfigurations(ConfigInvoker.java:333)
at org.testng.internal.invokers.TestMethodWorker.invokeAfterClassConfigurations(TestMethodWorker.java:238)
at org.testng.internal.invokers.TestMethodWorker.invokeAfterClassMethods(TestMethodWorker.java:223)
at org.testng.internal.invokers.TestMethodWorker.run(TestMethodWorker.java:137)
at java.base/java.util.ArrayList.forEach(ArrayList.java:1597)
at org.testng.TestRunner.privateRun(TestRunner.java:739)
at org.testng.TestRunner.run(TestRunner.java:614)
at org.testng.SuiteRunner.runTest(SuiteRunner.java:421)
at org.testng.SuiteRunner$SuiteWorker.run(SuiteRunner.java:463)
at org.testng.internal.thread.ThreadUtil.lambda$execute$0(ThreadUtil.java:64)
at java.base/java.util.concurrent.FutureTask.run(FutureTask.java:317)
at java.base/java.util.concurrent.ThreadPoolExecutor.runWorker(ThreadPoolExecutor.java:1144)
at java.base/java.util.concurrent.ThreadPoolExecutor$Worker.run(ThreadPoolExecutor.java:642)
at java.base/java.lang.Thread.run(Thread.java:1570)
]]>
    </error>
  </testcase> <!-- afterClass -->
  <testcase classname="com.vtiger.crm.createorg.PracticeDataProvider" name="createOrg" time="0.000">
    <skipped/>
  </testcase> <!-- createOrg -->
  <testcase classname="com.vtiger.crm.createorg.PracticeDataProvider" name="createOrg" time="0.000">
    <skipped/>
  </testcase> <!-- createOrg -->
  <testcase classname="com.vtiger.crm.createorg.PracticeDataProvider" name="createOrg" time="0.000">
    <skipped/>
  </testcase> <!-- createOrg -->
  <testcase classname="com.vtiger.crm.createorg.PracticeDataProvider" name="createOrg" time="0.000">
    <skipped/>
  </testcase> <!-- createOrg -->
  <testcase classname="com.vtiger.crm.createorg.PracticeDataProvider" name="createOrg" time="0.000">
    <skipped/>
  </testcase> <!-- createOrg -->
  <testcase classname="com.vtiger.crm.createorg.PracticeDataProvider" name="createOrg" time="0.000">
    <skipped/>
  </testcase> <!-- createOrg -->
  <testcase classname="com.vtiger.crm.createorg.PracticeDataProvider" name="createOrg" time="0.000">
    <skipped/>
  </testcase> <!-- createOrg -->
  <testcase classname="com.vtiger.crm.createorg.PracticeDataProvider" name="createOrg" time="0.000">
    <skipped/>
  </testcase> <!-- createOrg -->
  <testcase classname="com.vtiger.crm.createorg.PracticeDataProvider" name="createOrg" time="0.000">
    <skipped/>
  </testcase> <!-- createOrg -->
  <testcase classname="com.vtiger.crm.createorg.PracticeDataProvider" name="createOrg" time="0.000">
    <skipped/>
  </testcase> <!-- createOrg -->
  <testcase classname="com.vtiger.crm.createorg.PracticeDataProvider" name="createOrg" time="0.000">
    <skipped/>
  </testcase> <!-- createOrg -->
  <testcase classname="com.vtiger.crm.createorg.PracticeDataProvider" name="createOrg" time="0.000">
    <skipped/>
  </testcase> <!-- createOrg -->
  <testcase classname="com.vtiger.crm.createorg.PracticeDataProvider" name="createOrg" time="0.000">
    <skipped/>
  </testcase> <!-- createOrg -->
  <testcase classname="com.vtiger.crm.createorg.PracticeDataProvider" name="createOrg" time="0.000">
    <skipped/>
  </testcase> <!-- createOrg -->
  <testcase classname="com.vtiger.crm.createorg.PracticeDataProvider" name="createOrg" time="0.000">
    <skipped/>
  </testcase> <!-- createOrg -->
  <testcase classname="com.vtiger.crm.createorg.PracticeDataProvider" name="createOrg" time="0.000">
    <skipped/>
  </testcase> <!-- createOrg -->
  <testcase classname="com.vtiger.crm.createorg.PracticeDataProvider" name="createOrg" time="0.000">
    <skipped/>
  </testcase> <!-- createOrg -->
  <testcase classname="com.vtiger.crm.createorg.PracticeDataProvider" name="createOrg" time="0.000">
    <skipped/>
  </testcase> <!-- createOrg -->
  <testcase classname="com.vtiger.crm.createorg.PracticeDataProvider" name="createOrg" time="0.000">
    <skipped/>
  </testcase> <!-- createOrg -->
  <testcase classname="com.vtiger.crm.createorg.PracticeDataProvider" name="createOrg" time="0.000">
    <skipped/>
  </testcase> <!-- createOrg -->
  <testcase classname="com.vtiger.crm.createorg.PracticeDataProvider" name="createOrg" time="0.000">
    <skipped/>
  </testcase> <!-- createOrg -->
  <testcase classname="com.vtiger.crm.createorg.PracticeDataProvider" name="createOrg" time="0.000">
    <skipped/>
  </testcase> <!-- createOrg -->
  <testcase classname="com.vtiger.crm.createorg.PracticeDataProvider" name="createOrg" time="0.000">
    <skipped/>
  </testcase> <!-- createOrg -->
  <testcase classname="com.vtiger.crm.createorg.PracticeDataProvider" name="createOrg" time="0.000">
    <skipped/>
  </testcase> <!-- createOrg -->
  <testcase classname="com.vtiger.crm.createorg.PracticeDataProvider" name="createOrg" time="0.000">
    <skipped/>
  </testcase> <!-- createOrg -->
  <testcase classname="com.vtiger.crm.createorg.PracticeDataProvider" name="createOrg" time="0.000">
    <skipped/>
  </testcase> <!-- createOrg -->
  <testcase classname="com.vtiger.crm.createorg.PracticeDataProvider" name="createOrg" time="0.000">
    <skipped/>
  </testcase> <!-- createOrg -->
  <testcase classname="com.vtiger.crm.createorg.PracticeDataProvider" name="createOrg" time="0.000">
    <skipped/>
  </testcase> <!-- createOrg -->
  <testcase classname="com.vtiger.crm.createorg.PracticeDataProvider" name="createOrg" time="0.000">
    <skipped/>
  </testcase> <!-- createOrg -->
  <testcase classname="com.vtiger.crm.createorg.PracticeDataProvider" name="createOrg" time="0.000">
    <skipped/>
  </testcase> <!-- createOrg -->
  <testcase classname="com.vtiger.crm.createorg.PracticeDataProvider" name="createOrg" time="0.000">
    <skipped/>
  </testcase> <!-- createOrg -->
  <testcase classname="com.vtiger.crm.createorg.PracticeDataProvider" name="createOrg" time="0.000">
    <skipped/>
  </testcase> <!-- createOrg -->
  <testcase classname="com.vtiger.crm.createorg.PracticeDataProvider" name="createOrg" time="0.000">
    <skipped/>
  </testcase> <!-- createOrg -->
  <testcase classname="com.vtiger.crm.createorg.PracticeDataProvider" name="createOrg" time="0.000">
    <skipped/>
  </testcase> <!-- createOrg -->
  <testcase classname="com.vtiger.crm.createorg.PracticeDataProvider" name="createOrg" time="0.000">
    <skipped/>
  </testcase> <!-- createOrg -->
  <testcase classname="com.vtiger.crm.createorg.PracticeDataProvider" name="createOrg" time="0.000">
    <skipped/>
  </testcase> <!-- createOrg -->
  <testcase classname="com.vtiger.crm.createorg.PracticeDataProvider" name="createOrg" time="0.000">
    <skipped/>
  </testcase> <!-- createOrg -->
  <testcase classname="com.vtiger.crm.createorg.PracticeDataProvider" name="createOrg" time="0.000">
    <skipped/>
  </testcase> <!-- createOrg -->
  <testcase classname="com.vtiger.crm.createorg.PracticeDataProvider" name="createOrg" time="0.000">
    <skipped/>
  </testcase> <!-- createOrg -->
  <testcase classname="com.vtiger.crm.createorg.PracticeDataProvider" name="createOrg" time="0.000">
    <skipped/>
  </testcase> <!-- createOrg -->
  <testcase classname="com.vtiger.crm.createorg.PracticeDataProvider" name="createOrg" time="0.000">
    <skipped/>
  </testcase> <!-- createOrg -->
  <testcase classname="com.vtiger.crm.createorg.PracticeDataProvider" name="createOrg" time="0.000">
    <skipped/>
  </testcase> <!-- createOrg -->
  <testcase classname="com.vtiger.crm.createorg.PracticeDataProvider" name="createOrg" time="0.001">
    <skipped/>
  </testcase> <!-- createOrg -->
  <testcase classname="com.vtiger.crm.createorg.PracticeDataProvider" name="createOrg" time="0.000">
    <skipped/>
  </testcase> <!-- createOrg -->
  <testcase classname="com.vtiger.crm.createorg.PracticeDataProvider" name="createOrg" time="0.000">
    <skipped/>
  </testcase> <!-- createOrg -->
  <testcase classname="com.vtiger.crm.createorg.PracticeDataProvider" name="createOrg" time="0.000">
    <skipped/>
  </testcase> <!-- createOrg -->
  <testcase classname="com.vtiger.crm.createorg.PracticeDataProvider" name="createOrg" time="0.000">
    <skipped/>
  </testcase> <!-- createOrg -->
  <testcase classname="com.vtiger.crm.createorg.PracticeDataProvider" name="createOrg" time="0.001">
    <skipped/>
  </testcase> <!-- createOrg -->
  <testcase classname="com.vtiger.crm.createorg.PracticeDataProvider" name="createOrg" time="0.000">
    <skipped/>
  </testcase> <!-- createOrg -->
  <testcase classname="com.vtiger.crm.createorg.PracticeDataProvider" name="createOrg" time="0.000">
    <skipped/>
  </testcase> <!-- createOrg -->
  <testcase classname="com.vtiger.crm.createorg.PracticeDataProvider" name="createOrg" time="0.000">
    <skipped/>
  </testcase> <!-- createOrg -->
  <testcase classname="com.vtiger.crm.createorg.PracticeDataProvider" name="createOrg" time="0.000">
    <skipped/>
  </testcase> <!-- createOrg -->
  <testcase classname="com.vtiger.crm.createorg.PracticeDataProvider" name="createOrg" time="0.001">
    <skipped/>
  </testcase> <!-- createOrg -->
  <testcase classname="com.vtiger.crm.createorg.PracticeDataProvider" name="createOrg" time="0.000">
    <skipped/>
  </testcase> <!-- createOrg -->
  <testcase classname="com.vtiger.crm.createorg.PracticeDataProvider" name="createOrg" time="0.000">
    <skipped/>
  </testcase> <!-- createOrg -->
  <testcase classname="com.vtiger.crm.createorg.PracticeDataProvider" name="createOrg" time="0.000">
    <skipped/>
  </testcase> <!-- createOrg -->
  <testcase classname="com.vtiger.crm.createorg.PracticeDataProvider" name="createOrg" time="0.000">
    <skipped/>
  </testcase> <!-- createOrg -->
  <testcase classname="com.vtiger.crm.createorg.PracticeDataProvider" name="beforeClass" time="0.020">
    <error message="Cannot invoke &quot;String.equals(Object)&quot; because &quot;Browser&quot; is null" type="java.lang.NullPointerException">
      <![CDATA[java.lang.NullPointerException: Cannot invoke "String.equals(Object)" because "Browser" is null
at com.vtiger.crm.generic.baseclassutility.BaseClass.beforeClass(BaseClass.java:39)
at java.base/jdk.internal.reflect.DirectMethodHandleAccessor.invoke(DirectMethodHandleAccessor.java:103)
at java.base/java.lang.reflect.Method.invoke(Method.java:580)
at org.testng.internal.invokers.MethodInvocationHelper.invokeMethod(MethodInvocationHelper.java:141)
at org.testng.internal.invokers.MethodInvocationHelper.invokeMethodConsideringTimeout(MethodInvocationHelper.java:71)
at org.testng.internal.invokers.ConfigInvoker.invokeConfigurationMethod(ConfigInvoker.java:400)
at org.testng.internal.invokers.ConfigInvoker.invokeConfigurations(ConfigInvoker.java:333)
at org.testng.internal.invokers.TestMethodWorker.invokeBeforeClassMethods(TestMethodWorker.java:188)
at org.testng.internal.invokers.TestMethodWorker.run(TestMethodWorker.java:128)
at java.base/java.util.ArrayList.forEach(ArrayList.java:1597)
at org.testng.TestRunner.privateRun(TestRunner.java:739)
at org.testng.TestRunner.run(TestRunner.java:614)
at org.testng.SuiteRunner.runTest(SuiteRunner.java:421)
at org.testng.SuiteRunner$SuiteWorker.run(SuiteRunner.java:463)
at org.testng.internal.thread.ThreadUtil.lambda$execute$0(ThreadUtil.java:64)
at java.base/java.util.concurrent.FutureTask.run(FutureTask.java:317)
at java.base/java.util.concurrent.ThreadPoolExecutor.runWorker(ThreadPoolExecutor.java:1144)
at java.base/java.util.concurrent.ThreadPoolExecutor$Worker.run(ThreadPoolExecutor.java:642)
at java.base/java.lang.Thread.run(Thread.java:1570)
]]>
    </error>
  </testcase> <!-- beforeClass -->
  <testcase classname="com.vtiger.crm.createorg.PracticeDataProvider" name="createOrg" time="0.000">
    <skipped/>
  </testcase> <!-- createOrg -->
  <testcase classname="com.vtiger.crm.createorg.PracticeDataProvider" name="createOrg" time="0.000">
    <skipped/>
  </testcase> <!-- createOrg -->
  <testcase classname="com.vtiger.crm.createorg.PracticeDataProvider" name="createOrg" time="0.000">
    <skipped/>
  </testcase> <!-- createOrg -->
  <testcase classname="com.vtiger.crm.createorg.PracticeDataProvider" name="createOrg" time="0.000">
    <skipped/>
  </testcase> <!-- createOrg -->
  <testcase classname="com.vtiger.crm.createorg.PracticeDataProvider" name="createOrg" time="0.000">
    <skipped/>
  </testcase> <!-- createOrg -->
  <testcase classname="com.vtiger.crm.createorg.PracticeDataProvider" name="createOrg" time="0.000">
    <skipped/>
  </testcase> <!-- createOrg -->
  <testcase classname="com.vtiger.crm.createorg.PracticeDataProvider" name="createOrg" time="0.000">
    <skipped/>
  </testcase> <!-- createOrg -->
  <testcase classname="com.vtiger.crm.createorg.PracticeDataProvider" name="createOrg" time="0.001">
    <skipped/>
  </testcase> <!-- createOrg -->
  <testcase classname="com.vtiger.crm.createorg.PracticeDataProvider" name="createOrg" time="0.000">
    <skipped/>
  </testcase> <!-- createOrg -->
  <testcase classname="com.vtiger.crm.createorg.PracticeDataProvider" name="beforeClass" time="0.005">
    <error message="Cannot invoke &quot;String.equals(Object)&quot; because &quot;Browser&quot; is null" type="java.lang.NullPointerException">
      <![CDATA[java.lang.NullPointerException: Cannot invoke "String.equals(Object)" because "Browser" is null
at com.vtiger.crm.generic.baseclassutility.BaseClass.beforeClass(BaseClass.java:39)
at java.base/jdk.internal.reflect.DirectMethodHandleAccessor.invoke(DirectMethodHandleAccessor.java:103)
at java.base/java.lang.reflect.Method.invoke(Method.java:580)
at org.testng.internal.invokers.MethodInvocationHelper.invokeMethod(MethodInvocationHelper.java:141)
at org.testng.internal.invokers.MethodInvocationHelper.invokeMethodConsideringTimeout(MethodInvocationHelper.java:71)
at org.testng.internal.invokers.ConfigInvoker.invokeConfigurationMethod(ConfigInvoker.java:400)
at org.testng.internal.invokers.ConfigInvoker.invokeConfigurations(ConfigInvoker.java:333)
at org.testng.internal.invokers.TestMethodWorker.invokeBeforeClassMethods(TestMethodWorker.java:188)
at org.testng.internal.invokers.TestMethodWorker.run(TestMethodWorker.java:128)
at java.base/java.util.ArrayList.forEach(ArrayList.java:1597)
at org.testng.TestRunner.privateRun(TestRunner.java:739)
at org.testng.TestRunner.run(TestRunner.java:614)
at org.testng.SuiteRunner.runTest(SuiteRunner.java:421)
at org.testng.SuiteRunner$SuiteWorker.run(SuiteRunner.java:463)
at org.testng.internal.thread.ThreadUtil.lambda$execute$0(ThreadUtil.java:64)
at java.base/java.util.concurrent.FutureTask.run(FutureTask.java:317)
at java.base/java.util.concurrent.ThreadPoolExecutor.runWorker(ThreadPoolExecutor.java:1144)
at java.base/java.util.concurrent.ThreadPoolExecutor$Worker.run(ThreadPoolExecutor.java:642)
at java.base/java.lang.Thread.run(Thread.java:1570)
]]>
    </error>
  </testcase> <!-- beforeClass -->
  <testcase classname="com.vtiger.crm.createorg.PracticeDataProvider" name="createOrg" time="0.000">
    <skipped/>
  </testcase> <!-- createOrg -->
  <testcase classname="com.vtiger.crm.createorg.PracticeDataProvider" name="createOrg" time="0.000">
    <skipped/>
  </testcase> <!-- createOrg -->
  <testcase classname="com.vtiger.crm.createorg.PracticeDataProvider" name="createOrg" time="0.000">
    <skipped/>
  </testcase> <!-- createOrg -->
  <testcase classname="com.vtiger.crm.createorg.PracticeDataProvider" name="createOrg" time="0.000">
    <skipped/>
  </testcase> <!-- createOrg -->
  <testcase classname="com.vtiger.crm.createorg.PracticeDataProvider" name="createOrg" time="0.000">
    <skipped/>
  </testcase> <!-- createOrg -->
  <testcase classname="com.vtiger.crm.createorg.PracticeDataProvider" name="createOrg" time="0.000">
    <skipped/>
  </testcase> <!-- createOrg -->
  <testcase classname="com.vtiger.crm.createorg.PracticeDataProvider" name="createOrg" time="0.000">
    <skipped/>
  </testcase> <!-- createOrg -->
  <testcase classname="com.vtiger.crm.createorg.PracticeDataProvider" name="createOrg" time="0.000">
    <skipped/>
  </testcase> <!-- createOrg -->
  <testcase classname="com.vtiger.crm.createorg.PracticeDataProvider" name="createOrg" time="0.000">
    <skipped/>
  </testcase> <!-- createOrg -->
  <testcase classname="com.vtiger.crm.createorg.PracticeDataProvider" name="createOrg" time="0.000">
    <skipped/>
  </testcase> <!-- createOrg -->
  <testcase classname="com.vtiger.crm.createorg.PracticeDataProvider" name="createOrg" time="0.001">
    <skipped/>
  </testcase> <!-- createOrg -->
  <testcase classname="com.vtiger.crm.createorg.PracticeDataProvider" name="createOrg" time="0.000">
    <skipped/>
  </testcase> <!-- createOrg -->
  <testcase classname="com.vtiger.crm.createorg.PracticeDataProvider" name="createOrg" time="0.000">
    <skipped/>
  </testcase> <!-- createOrg -->
  <testcase classname="com.vtiger.crm.createorg.PracticeDataProvider" name="createOrg" time="0.000">
    <skipped/>
  </testcase> <!-- createOrg -->
  <testcase classname="com.vtiger.crm.createorg.PracticeDataProvider" name="createOrg" time="0.000">
    <skipped/>
  </testcase> <!-- createOrg -->
  <testcase classname="com.vtiger.crm.createorg.PracticeDataProvider" name="createOrg" time="0.000">
    <skipped/>
  </testcase> <!-- createOrg -->
  <testcase classname="com.vtiger.crm.createorg.PracticeDataProvider" name="createOrg" time="0.003">
    <skipped/>
  </testcase> <!-- createOrg -->
  <testcase classname="com.vtiger.crm.createorg.PracticeDataProvider" name="createOrg" time="0.000">
    <skipped/>
  </testcase> <!-- createOrg -->
  <testcase classname="com.vtiger.crm.createorg.PracticeDataProvider" name="createOrg" time="0.000">
    <skipped/>
  </testcase> <!-- createOrg -->
  <testcase classname="com.vtiger.crm.createorg.PracticeDataProvider" name="createOrg" time="0.000">
    <skipped/>
  </testcase> <!-- createOrg -->
  <testcase classname="com.vtiger.crm.createorg.PracticeDataProvider" name="createOrg" time="0.000">
    <skipped/>
  </testcase> <!-- createOrg -->
  <testcase classname="com.vtiger.crm.createorg.PracticeDataProvider" name="createOrg" time="0.000">
    <skipped/>
  </testcase> <!-- createOrg -->
  <testcase classname="com.vtiger.crm.createorg.PracticeDataProvider" name="createOrg" time="0.001">
    <skipped/>
  </testcase> <!-- createOrg -->
  <testcase classname="com.vtiger.crm.createorg.PracticeDataProvider" name="createOrg" time="0.000">
    <skipped/>
  </testcase> <!-- createOrg -->
  <testcase classname="com.vtiger.crm.createorg.PracticeDataProvider" name="createOrg" time="0.000">
    <skipped/>
  </testcase> <!-- createOrg -->
  <testcase classname="com.vtiger.crm.createorg.PracticeDataProvider" name="createOrg" time="0.000">
    <skipped/>
  </testcase> <!-- createOrg -->
  <testcase classname="com.vtiger.crm.createorg.PracticeDataProvider" name="createOrg" time="0.000">
    <skipped/>
  </testcase> <!-- createOrg -->
  <testcase classname="com.vtiger.crm.createorg.PracticeDataProvider" name="createOrg" time="0.000">
    <skipped/>
  </testcase> <!-- createOrg -->
  <testcase classname="com.vtiger.crm.createorg.PracticeDataProvider" name="createOrg" time="0.000">
    <skipped/>
  </testcase> <!-- createOrg -->
  <testcase classname="com.vtiger.crm.createorg.PracticeDataProvider" name="createOrg" time="0.000">
    <skipped/>
  </testcase> <!-- createOrg -->
  <testcase classname="com.vtiger.crm.createorg.PracticeDataProvider" name="createOrg" time="0.000">
    <skipped/>
  </testcase> <!-- createOrg -->
  <testcase classname="com.vtiger.crm.createorg.PracticeDataProvider" name="createOrg" time="0.000">
    <skipped/>
  </testcase> <!-- createOrg -->
  <testcase classname="com.vtiger.crm.createorg.PracticeDataProvider" name="createOrg" time="0.000">
    <skipped/>
  </testcase> <!-- createOrg -->
  <testcase classname="com.vtiger.crm.createorg.PracticeDataProvider" name="createOrg" time="0.000">
    <skipped/>
  </testcase> <!-- createOrg -->
  <testcase classname="com.vtiger.crm.createorg.PracticeDataProvider" name="createOrg" time="0.000">
    <skipped/>
  </testcase> <!-- createOrg -->
  <testcase classname="com.vtiger.crm.createorg.PracticeDataProvider" name="createOrg" time="0.001">
    <skipped/>
  </testcase> <!-- createOrg -->
  <testcase classname="com.vtiger.crm.createorg.PracticeDataProvider" name="createOrg" time="0.000">
    <skipped/>
  </testcase> <!-- createOrg -->
  <testcase classname="com.vtiger.crm.createorg.PracticeDataProvider" name="createOrg" time="0.000">
    <skipped/>
  </testcase> <!-- createOrg -->
  <testcase classname="com.vtiger.crm.createorg.PracticeDataProvider" name="createOrg" time="0.000">
    <skipped/>
  </testcase> <!-- createOrg -->
  <testcase classname="com.vtiger.crm.createorg.PracticeDataProvider" name="createOrg" time="0.000">
    <skipped/>
  </testcase> <!-- createOrg -->
  <testcase classname="com.vtiger.crm.createorg.PracticeDataProvider" name="createOrg" time="0.000">
    <skipped/>
  </testcase> <!-- createOrg -->
  <testcase classname="com.vtiger.crm.createorg.PracticeDataProvider" name="createOrg" time="0.000">
    <skipped/>
  </testcase> <!-- createOrg -->
  <testcase classname="com.vtiger.crm.createorg.PracticeDataProvider" name="createOrg" time="0.000">
    <skipped/>
  </testcase> <!-- createOrg -->
  <testcase classname="com.vtiger.crm.createorg.PracticeDataProvider" name="createOrg" time="0.000">
    <skipped/>
  </testcase> <!-- createOrg -->
  <testcase classname="com.vtiger.crm.createorg.PracticeDataProvider" name="createOrg" time="0.000">
    <skipped/>
  </testcase> <!-- createOrg -->
  <testcase classname="com.vtiger.crm.createorg.PracticeDataProvider" name="createOrg" time="0.000">
    <skipped/>
  </testcase> <!-- createOrg -->
  <testcase classname="com.vtiger.crm.createorg.PracticeDataProvider" name="createOrg" time="0.000">
    <skipped/>
  </testcase> <!-- createOrg -->
  <testcase classname="com.vtiger.crm.createorg.PracticeDataProvider" name="createOrg" time="0.000">
    <skipped/>
  </testcase> <!-- createOrg -->
  <testcase classname="com.vtiger.crm.createorg.PracticeDataProvider" name="createOrg" time="0.000">
    <skipped/>
  </testcase> <!-- createOrg -->
  <testcase classname="com.vtiger.crm.createorg.PracticeDataProvider" name="createOrg" time="0.001">
    <skipped/>
  </testcase> <!-- createOrg -->
  <testcase classname="com.vtiger.crm.createorg.PracticeDataProvider" name="createOrg" time="0.000">
    <skipped/>
  </testcase> <!-- createOrg -->
  <testcase classname="com.vtiger.crm.createorg.PracticeDataProvider" name="createOrg" time="0.000">
    <skipped/>
  </testcase> <!-- createOrg -->
  <testcase classname="com.vtiger.crm.createorg.PracticeDataProvider" name="createOrg" time="0.000">
    <skipped/>
  </testcase> <!-- createOrg -->
  <testcase classname="com.vtiger.crm.createorg.PracticeDataProvider" name="createOrg" time="0.000">
    <skipped/>
  </testcase> <!-- createOrg -->
  <testcase classname="com.vtiger.crm.createorg.PracticeDataProvider" name="createOrg" time="0.000">
    <skipped/>
  </testcase> <!-- createOrg -->
  <testcase classname="com.vtiger.crm.createorg.PracticeDataProvider" name="createOrg" time="0.000">
    <skipped/>
  </testcase> <!-- createOrg -->
  <testcase classname="com.vtiger.crm.createorg.PracticeDataProvider" name="createOrg" time="0.000">
    <skipped/>
  </testcase> <!-- createOrg -->
  <testcase classname="com.vtiger.crm.createorg.PracticeDataProvider" name="createOrg" time="0.000">
    <skipped/>
  </testcase> <!-- createOrg -->
  <testcase classname="com.vtiger.crm.createorg.PracticeDataProvider" name="createOrg" time="0.000">
    <skipped/>
  </testcase> <!-- createOrg -->
  <testcase classname="com.vtiger.crm.createorg.PracticeDataProvider" name="createOrg" time="0.000">
    <skipped/>
  </testcase> <!-- createOrg -->
  <testcase classname="com.vtiger.crm.createorg.PracticeDataProvider" name="createOrg" time="0.000">
    <skipped/>
  </testcase> <!-- createOrg -->
  <testcase classname="com.vtiger.crm.createorg.PracticeDataProvider" name="createOrg" time="0.000">
    <skipped/>
  </testcase> <!-- createOrg -->
  <testcase classname="com.vtiger.crm.createorg.PracticeDataProvider" name="createOrg" time="0.001">
    <skipped/>
  </testcase> <!-- createOrg -->
  <testcase classname="com.vtiger.crm.createorg.PracticeDataProvider" name="createOrg" time="0.001">
    <skipped/>
  </testcase> <!-- createOrg -->
  <testcase classname="com.vtiger.crm.createorg.PracticeDataProvider" name="createOrg" time="0.000">
    <skipped/>
  </testcase> <!-- createOrg -->
  <testcase classname="com.vtiger.crm.createorg.PracticeDataProvider" name="createOrg" time="0.000">
    <skipped/>
  </testcase> <!-- createOrg -->
  <testcase classname="com.vtiger.crm.createorg.PracticeDataProvider" name="createOrg" time="0.000">
    <skipped/>
  </testcase> <!-- createOrg -->
  <testcase classname="com.vtiger.crm.createorg.PracticeDataProvider" name="createOrg" time="0.000">
    <skipped/>
  </testcase> <!-- createOrg -->
  <testcase classname="com.vtiger.crm.createorg.PracticeDataProvider" name="createOrg" time="0.000">
    <skipped/>
  </testcase> <!-- createOrg -->
  <testcase classname="com.vtiger.crm.createorg.PracticeDataProvider" name="createOrg" time="0.000">
    <skipped/>
  </testcase> <!-- createOrg -->
  <testcase classname="com.vtiger.crm.createorg.PracticeDataProvider" name="createOrg" time="0.000">
    <skipped/>
  </testcase> <!-- createOrg -->
  <testcase classname="com.vtiger.crm.createorg.PracticeDataProvider" name="createOrg" time="0.000">
    <skipped/>
  </testcase> <!-- createOrg -->
  <testcase classname="com.vtiger.crm.createorg.PracticeDataProvider" name="createOrg" time="0.000">
    <skipped/>
  </testcase> <!-- createOrg -->
  <testcase classname="com.vtiger.crm.createorg.PracticeDataProvider" name="createOrg" time="0.000">
    <skipped/>
  </testcase> <!-- createOrg -->
  <testcase classname="com.vtiger.crm.createorg.PracticeDataProvider" name="createOrg" time="0.000">
    <skipped/>
  </testcase> <!-- createOrg -->
  <testcase classname="com.vtiger.crm.createorg.PracticeDataProvider" name="createOrg" time="0.000">
    <skipped/>
  </testcase> <!-- createOrg -->
  <testcase classname="com.vtiger.crm.createorg.PracticeDataProvider" name="createOrg" time="0.000">
    <skipped/>
  </testcase> <!-- createOrg -->
  <testcase classname="com.vtiger.crm.createorg.PracticeDataProvider" name="createOrg" time="0.000">
    <skipped/>
  </testcase> <!-- createOrg -->
  <testcase classname="com.vtiger.crm.createorg.PracticeDataProvider" name="createOrg" time="0.000">
    <skipped/>
  </testcase> <!-- createOrg -->
  <testcase classname="com.vtiger.crm.createorg.PracticeDataProvider" name="createOrg" time="0.000">
    <skipped/>
  </testcase> <!-- createOrg -->
  <testcase classname="com.vtiger.crm.createorg.PracticeDataProvider" name="createOrg" time="0.000">
    <skipped/>
  </testcase> <!-- createOrg -->
  <testcase classname="com.vtiger.crm.createorg.PracticeDataProvider" name="createOrg" time="0.000">
    <skipped/>
  </testcase> <!-- createOrg -->
  <testcase classname="com.vtiger.crm.createorg.PracticeDataProvider" name="createOrg" time="0.000">
    <skipped/>
  </testcase> <!-- createOrg -->
  <testcase classname="com.vtiger.crm.createorg.PracticeDataProvider" name="createOrg" time="0.000">
    <skipped/>
  </testcase> <!-- createOrg -->
  <testcase classname="com.vtiger.crm.createorg.PracticeDataProvider" name="createOrg" time="0.000">
    <skipped/>
  </testcase> <!-- createOrg -->
  <testcase classname="com.vtiger.crm.createorg.PracticeDataProvider" name="createOrg" time="0.000">
    <skipped/>
  </testcase> <!-- createOrg -->
  <testcase classname="com.vtiger.crm.createorg.PracticeDataProvider" name="afterClass" time="0.003">
    <error message="Cannot invoke &quot;org.openqa.selenium.WebDriver.quit()&quot; because &quot;this.driver&quot; is null" type="java.lang.NullPointerException">
      <![CDATA[java.lang.NullPointerException: Cannot invoke "org.openqa.selenium.WebDriver.quit()" because "this.driver" is null
at com.vtiger.crm.generic.baseclassutility.BaseClass.afterClass(BaseClass.java:75)
at java.base/jdk.internal.reflect.DirectMethodHandleAccessor.invoke(DirectMethodHandleAccessor.java:103)
at java.base/java.lang.reflect.Method.invoke(Method.java:580)
at org.testng.internal.invokers.MethodInvocationHelper.invokeMethod(MethodInvocationHelper.java:141)
at org.testng.internal.invokers.MethodInvocationHelper.invokeMethodConsideringTimeout(MethodInvocationHelper.java:71)
at org.testng.internal.invokers.ConfigInvoker.invokeConfigurationMethod(ConfigInvoker.java:400)
at org.testng.internal.invokers.ConfigInvoker.invokeConfigurations(ConfigInvoker.java:333)
at org.testng.internal.invokers.TestMethodWorker.invokeAfterClassConfigurations(TestMethodWorker.java:238)
at org.testng.internal.invokers.TestMethodWorker.invokeAfterClassMethods(TestMethodWorker.java:223)
at org.testng.internal.invokers.TestMethodWorker.run(TestMethodWorker.java:137)
at java.base/java.util.ArrayList.forEach(ArrayList.java:1597)
at org.testng.TestRunner.privateRun(TestRunner.java:739)
at org.testng.TestRunner.run(TestRunner.java:614)
at org.testng.SuiteRunner.runTest(SuiteRunner.java:421)
at org.testng.SuiteRunner$SuiteWorker.run(SuiteRunner.java:463)
at org.testng.internal.thread.ThreadUtil.lambda$execute$0(ThreadUtil.java:64)
at java.base/java.util.concurrent.FutureTask.run(FutureTask.java:317)
at java.base/java.util.concurrent.ThreadPoolExecutor.runWorker(ThreadPoolExecutor.java:1144)
at java.base/java.util.concurrent.ThreadPoolExecutor$Worker.run(ThreadPoolExecutor.java:642)
at java.base/java.lang.Thread.run(Thread.java:1570)
]]>
    </error>
  </testcase> <!-- afterClass -->
  <testcase classname="com.vtiger.crm.createorg.PracticeDataProvider" name="createOrg" time="0.000">
    <skipped/>
  </testcase> <!-- createOrg -->
  <testcase classname="com.vtiger.crm.createorg.PracticeDataProvider" name="createOrg" time="0.000">
    <skipped/>
  </testcase> <!-- createOrg -->
  <testcase classname="com.vtiger.crm.createorg.PracticeDataProvider" name="createOrg" time="0.000">
    <skipped/>
  </testcase> <!-- createOrg -->
  <testcase classname="com.vtiger.crm.createorg.PracticeDataProvider" name="createOrg" time="0.000">
    <skipped/>
  </testcase> <!-- createOrg -->
  <testcase classname="com.vtiger.crm.createorg.PracticeDataProvider" name="createOrg" time="0.000">
    <skipped/>
  </testcase> <!-- createOrg -->
  <testcase classname="com.vtiger.crm.createorg.PracticeDataProvider" name="createOrg" time="0.000">
    <skipped/>
  </testcase> <!-- createOrg -->
  <testcase classname="com.vtiger.crm.createorg.PracticeDataProvider" name="createOrg" time="0.000">
    <skipped/>
  </testcase> <!-- createOrg -->
  <testcase classname="com.vtiger.crm.createorg.PracticeDataProvider" name="createOrg" time="0.000">
    <skipped/>
  </testcase> <!-- createOrg -->
  <testcase classname="com.vtiger.crm.createorg.PracticeDataProvider" name="createOrg" time="0.000">
    <skipped/>
  </testcase> <!-- createOrg -->
  <testcase classname="com.vtiger.crm.createorg.PracticeDataProvider" name="createOrg" time="0.000">
    <skipped/>
  </testcase> <!-- createOrg -->
  <testcase classname="com.vtiger.crm.createorg.PracticeDataProvider" name="createOrg" time="0.019">
    <skipped/>
  </testcase> <!-- createOrg -->
  <testcase classname="com.vtiger.crm.createorg.PracticeDataProvider" name="createOrg" time="0.000">
    <skipped/>
  </testcase> <!-- createOrg -->
  <testcase classname="com.vtiger.crm.createorg.PracticeDataProvider" name="createOrg" time="0.000">
    <skipped/>
  </testcase> <!-- createOrg -->
</testsuite> <!-- com.vtiger.crm.createorg.PracticeDataProvider -->
