<?xml version="1.0" encoding="UTF-8"?>
<!-- Generated by org.testng.reporters.JUnitReportReporter -->
<testsuite hostname="LAPTOP-UDLNG9US" failures="0" tests="2" name="baseClass.BaseClass" time="0.021" errors="0" timestamp="2025-05-26T14:56:03 IST" skipped="0">
  <testcase classname="baseClass.BaseClass" name="test2" time="0.006"/>
  <testcase classname="baseClass.BaseClass" name="test1" time="0.015"/>
</testsuite> <!-- baseClass.BaseClass -->
