<?xml version="1.0" encoding="UTF-8"?>
<!-- Generated by org.testng.reporters.JUnitReportReporter -->
<testsuite hostname="LAPTOP-UDLNG9US" failures="0" tests="1" name="com.vtiger.crm.createorg.FlipKart" time="9.029" errors="0" timestamp="2025-04-23T11:30:33 IST" skipped="0">
  <testcase classname="com.vtiger.crm.createorg.FlipKart" name="print" time="9.029"/>
</testsuite> <!-- com.vtiger.crm.createorg.FlipKart -->
