<?xml version="1.0" encoding="UTF-8"?>
<!-- Generated by org.testng.reporters.JUnitReportReporter -->
<testsuite hostname="LAPTOP-UDLNG9US" failures="0" tests="1" name="com.vtiger.crm.createorg.CreateContact" time="7.618" errors="0" timestamp="2025-04-21T18:19:06 IST" skipped="0">
  <testcase classname="com.vtiger.crm.createorg.CreateContact" name="createContact" time="7.618"/>
</testsuite> <!-- com.vtiger.crm.createorg.CreateContact -->
